
/lfs/usrhome/mtech/cs22m028/benchmarkDSL/analysisEnabledGapRelabeling
rm *.out
g++ -std=c++17 -o graph_gen.out graph_gen.cpp
g++ -std=c++17 -o control.out control.cpp
mpic++ -std=c++17 -g -O0 -Wall -I /lfs/usrhome/mtech/cs22m028/local/include -L /lfs/usrhome/mtech/cs22m028/local/lib -lboost_mpi -lboost_serialization   -o anupDslAnalysis.out anupDslAnalysis.cc ../mpi_header/graph_mpi.cc ../mpi_header/updates.cc ../mpi_header/graph_properties/node_property/node_property.cc ../mpi_header/graph_properties/edge_property/edge_property.cc ../mpi_header/rma_datatype/rma_datatype.cc ../mpi_header/data_constructs/container.cc main.cc  
make file failure
testing test case 1
testing test case 2
testing test case 3
testing test case 4
testing test case 5
Files outputControl.txt and outputActual.txt differ
testing test case 6
testing test case 7
testing test case 8
testing test case 9
testing test case 10
testing test case 11
testing test case 12
testing test case 13
Files outputControl.txt and outputActual.txt differ
testing test case 14
testing test case 15
testing test case 16
testing test case 17
testing test case 18
testing test case 19
testing test case 20
testing test case 21
testing test case 22
Files outputControl.txt and outputActual.txt differ
testing test case 23
testing test case 24
testing test case 25
testing test case 26
testing test case 27
testing test case 28
testing test case 29
testing test case 30
testing test case 31
testing test case 32
testing test case 33
testing test case 34
testing test case 35
testing test case 36
testing test case 37
testing test case 38
testing test case 39
testing test case 40
testing test case 41
testing test case 42
Files outputControl.txt and outputActual.txt differ
testing test case 43
testing test case 44
Files outputControl.txt and outputActual.txt differ
testing test case 45
testing test case 46
testing test case 47
testing test case 48
Files outputControl.txt and outputActual.txt differ
testing test case 49
Files outputControl.txt and outputActual.txt differ
testing test case 50
Files outputControl.txt and outputActual.txt differ
