graph recognized 
Edges :  14
 Vertices : 5
-------------------------------- debug csr list formation --------------------------------
0 0 2 0 99
1 0 3 0 99
2 1 3 6 6
3 1 2 3 3
4 1 4 0 4
5 2 0 99 99
6 2 3 0 2
7 2 4 0 3
8 2 1 0 3
9 3 0 99 99
10 3 2 2 2
11 3 1 0 6
12 4 2 3 3
13 4 1 4 4
csr list : 
0 2 5 9 12 14 
2 3 3 2 4 0 3 4 1 0 2 1 2 1 
capacities : 
99 99 6 3 4 99 2 3 3 99 2 6 3 4 
flow : 
0 0 6 3 0 99 0 0 0 99 2 0 3 4 
excess : 
0 0 99 99 0 
flow : 
99 99 6 3 0 0 0 0 0 0 2 0 3 4 
pushing on 2
changing edges
inside relabeling: 
old heights
5 0 0 0 0 
new heights
5 0 1 0 0 
changing edges
new edge 2 <----> 3
updating flow 2
pushing flow accross edge 2 3 with indices 10 6 2
 ------------------------------------- 
99 99 6 3 0 0 2 0 0 0 2 0 3 4 
99 99 6 3 0 0 2 0 0 0 0 0 3 4 
0 0 99 99 0 
0 0 97 101 0 
 -------------------------------------- 
pushing on 2
changing edges
new edge 2 <----> 4
updating flow 3
pushing flow accross edge 2 4 with indices 12 7 3
 ------------------------------------- 
99 99 6 3 0 0 2 3 0 0 0 0 3 4 
99 99 6 3 0 0 2 3 0 0 0 0 0 4 
0 0 97 101 0 
0 0 94 101 3 
 -------------------------------------- 
pushing on 2
changing edges
new edge 2 <----> 1
updating flow 3
pushing flow accross edge 2 1 with indices 3 8 3
 ------------------------------------- 
99 99 6 3 0 0 2 3 3 0 0 0 0 4 
99 99 6 0 0 0 2 3 3 0 0 0 0 4 
0 0 94 101 3 
0 3 91 101 3 
 -------------------------------------- 
pushing on 2
changing edges
inside relabeling: 
old heights
5 0 1 0 0 
new heights
5 0 2 0 0 
changing edges
inside relabeling: 
old heights
5 0 2 0 0 
new heights
5 0 3 0 0 
changing edges
inside relabeling: 
old heights
5 0 3 0 0 
new heights
5 0 4 0 0 
changing edges
inside relabeling: 
old heights
5 0 4 0 0 
new heights
5 0 5 0 0 
changing edges
inside relabeling: 
old heights
5 0 5 0 0 
pushing on 4
changing edges
inside relabeling: 
old heights
5 0 5 0 0 
new heights
5 0 5 0 1 
changing edges
inside relabeling: 
old heights
5 0 5 0 1 
new heights
5 0 5 0 2 
changing edges
inside relabeling: 
old heights
5 0 5 0 2 
new heights
5 0 5 0 3 
changing edges
inside relabeling: 
old heights
5 0 5 0 3 
new heights
5 0 5 0 4 
changing edges
inside relabeling: 
old heights
5 0 5 0 4 
new heights
5 0 5 0 5 
changing edges
inside relabeling: 
old heights
5 0 5 0 5 
pushing on 1
changing edges
inside relabeling: 
old heights
5 0 5 0 5 
new heights
5 1 5 0 5 
changing edges
inside relabeling: 
old heights
5 1 5 0 5 
new heights
5 2 5 0 5 
changing edges
inside relabeling: 
old heights
5 2 5 0 5 
new heights
5 3 5 0 5 
changing edges
inside relabeling: 
old heights
5 3 5 0 5 
new heights
5 4 5 0 5 
changing edges
inside relabeling: 
old heights
5 4 5 0 5 
new heights
5 5 5 0 5 
changing edges
inside relabeling: 
old heights
5 5 5 0 5 
99 99 6 0 0 0 2 3 3 0 0 0 0 4 
0 3 91 101 3 
