graph recognized 
Edges :  7
 Vertices : 6
generating reverse list
done
6 this is what I should get
okay
4
1 has been reset 
5
1 has been reset 
3
2 has been reset 
4
5
2 has been reset 
1
3 has been reset 
2
network is as follows : 
0 2 4 5 6 7 7 
1 3 2 4 5 4 5 
0 0 1 2 3 5 7 
0 1 0 1 3 2 4 
1 1 2 1 1 1 1 
0 0 0 0 0 0 0 
1 1 2 1 1 1 1 
0 0 0 0 0 0 0 
3 2 1 2 1 0 0 
 inside network_flow's constructor 
updated version
 preflow push relable 
0 0 0 0 0 0 0 
1 1 2 1 1 1 1 
1 1 0 0 0 0 
0 1 0 0 0 0 0 
0 1 2 1 1 1 1 
0 2 0 0 0 0 
 preflow push relable 
